        -:    0:Source:dominion.c
        -:    0:Graph:dominion.gcno
        -:    0:Data:dominion.gcda
        -:    0:Runs:1
        -:    0:Programs:1
        -:    1:#include "dominion.h"
        -:    2:#include "dominion_helpers.h"
        -:    3:#include "rngs.h"
        -:    4:#include <stdio.h>
        -:    5:#include <math.h>
        -:    6:#include <stdlib.h>
        -:    7:
function compare called 30 returned 100% blocks executed 83%
       30:    8:int compare(const void* a, const void* b) {
       30:    9:  if (*(int*)a > *(int*)b)
branch  0 taken 0 (fallthrough)
branch  1 taken 30
    #####:   10:    return 1;
       30:   11:  if (*(int*)a < *(int*)b)
branch  0 taken 8 (fallthrough)
branch  1 taken 22
        8:   12:    return -1;
       22:   13:  return 0;
        -:   14:}
        -:   15:
function newGame called 0 returned 0% blocks executed 0%
    #####:   16:struct gameState* newGame() {
    #####:   17:  struct gameState* g = malloc(sizeof(struct gameState));
    #####:   18:  return g;
        -:   19:}
        -:   20:
function kingdomCards called 0 returned 0% blocks executed 0%
    #####:   21:int* kingdomCards(int k1, int k2, int k3, int k4, int k5, int k6, int k7, int k8, int k9, int k10) {
    #####:   22:  int* k = malloc(10 * sizeof(int));
    #####:   23:  k[0] = k1;
    #####:   24:  k[1] = k2;
    #####:   25:  k[2] = k3;
    #####:   26:  k[3] = k4;
    #####:   27:  k[4] = k5;
    #####:   28:  k[5] = k6;
    #####:   29:  k[6] = k7;
    #####:   30:  k[7] = k8;
    #####:   31:  k[8] = k9;
    #####:   32:  k[9] = k10;
    #####:   33:  return k;
        -:   34:}
        -:   35:
function initializeGame called 1 returned 100% blocks executed 83%
        1:   36:int initializeGame(int numPlayers, int kingdomCards[10], int randomSeed, struct gameState *state) {
        -:   37:
        -:   38:  int i;
        -:   39:  int j;
        -:   40:  int it;           
        -:   41:  //set up random number generator
        1:   42:  SelectStream(1);
call    0 returned 1
        1:   43:  PutSeed((long)randomSeed);
call    0 returned 1
        -:   44:  
        -:   45:  //check number of players
        1:   46:  if (numPlayers > MAX_PLAYERS || numPlayers < 2)
branch  0 taken 1 (fallthrough)
branch  1 taken 0
branch  2 taken 0 (fallthrough)
branch  3 taken 1
        -:   47:    {
    #####:   48:      return -1;
        -:   49:    }
        -:   50:
        -:   51:  //set number of players
        1:   52:  state->numPlayers = numPlayers;
        -:   53:
        -:   54:  //check selected kingdom cards are different
       11:   55:  for (i = 0; i < 10; i++)
branch  0 taken 10
branch  1 taken 1 (fallthrough)
        -:   56:    {
      110:   57:      for (j = 0; j < 10; j++)
branch  0 taken 100
branch  1 taken 10 (fallthrough)
        -:   58:        {
      100:   59:      if (j != i && kingdomCards[j] == kingdomCards[i])
branch  0 taken 90 (fallthrough)
branch  1 taken 10
branch  2 taken 0 (fallthrough)
branch  3 taken 90
        -:   60:        {
    #####:   61:          return -1;
        -:   62:        }
        -:   63:        }
        -:   64:    }
        -:   65:
        -:   66:
        -:   67:  //initialize supply
        -:   68:  ///////////////////////////////
        -:   69:
        -:   70:  //set number of Curse cards
        1:   71:  if (numPlayers == 2)
branch  0 taken 1 (fallthrough)
branch  1 taken 0
        -:   72:    {
        1:   73:      state->supplyCount[curse] = 10;
        -:   74:    }
    #####:   75:  else if (numPlayers == 3)
branch  0 never executed
branch  1 never executed
        -:   76:    {
    #####:   77:      state->supplyCount[curse] = 20;
        -:   78:    }
        -:   79:  else
        -:   80:    {
    #####:   81:      state->supplyCount[curse] = 30;
        -:   82:    }
        -:   83:
        -:   84:  //set number of Victory cards
        1:   85:  if (numPlayers == 2)
branch  0 taken 1 (fallthrough)
branch  1 taken 0
        -:   86:    {
        1:   87:      state->supplyCount[estate] = 8;
        1:   88:      state->supplyCount[duchy] = 8;
        1:   89:      state->supplyCount[province] = 8;
        -:   90:    }
        -:   91:  else
        -:   92:    {
    #####:   93:      state->supplyCount[estate] = 12;
    #####:   94:      state->supplyCount[duchy] = 12;
    #####:   95:      state->supplyCount[province] = 12;
        -:   96:    }
        -:   97:
        -:   98:  //set number of Treasure cards
        1:   99:  state->supplyCount[copper] = 60 - (7 * numPlayers);
        1:  100:  state->supplyCount[silver] = 40;
        1:  101:  state->supplyCount[gold] = 30;
        -:  102:
        -:  103:  //set number of Kingdom cards
       21:  104:  for (i = adventurer; i <= treasure_map; i++)          //loop all cards
branch  0 taken 20
branch  1 taken 1 (fallthrough)
        -:  105:    {
      165:  106:      for (j = 0; j < 10; j++)                  //loop chosen cards
branch  0 taken 155
branch  1 taken 10 (fallthrough)
        -:  107:    {
      155:  108:      if (kingdomCards[j] == i)
branch  0 taken 10 (fallthrough)
branch  1 taken 145
        -:  109:        {
        -:  110:          //check if card is a 'Victory' Kingdom card
       10:  111:          if (kingdomCards[j] == great_hall || kingdomCards[j] == gardens)
branch  0 taken 10 (fallthrough)
branch  1 taken 0
branch  2 taken 0 (fallthrough)
branch  3 taken 10
        -:  112:        {
    #####:  113:          if (numPlayers == 2){ 
branch  0 never executed
branch  1 never executed
    #####:  114:            state->supplyCount[i] = 8; 
        -:  115:          }
    #####:  116:          else{ state->supplyCount[i] = 12; }
        -:  117:        }
        -:  118:          else
        -:  119:        {
       10:  120:          state->supplyCount[i] = 10;
        -:  121:        }
       10:  122:          break;
        -:  123:        }
        -:  124:      else    //card is not in the set choosen for the game
        -:  125:        {
      145:  126:          state->supplyCount[i] = -1;
        -:  127:        }
        -:  128:    }
        -:  129:
        -:  130:    }
        -:  131:
        -:  132:  ////////////////////////
        -:  133:  //supply intilization complete
        -:  134:
        -:  135:  //set player decks
        3:  136:  for (i = 0; i < numPlayers; i++)
branch  0 taken 2
branch  1 taken 1 (fallthrough)
        -:  137:    {
        2:  138:      state->deckCount[i] = 0;
        8:  139:      for (j = 0; j < 3; j++)
branch  0 taken 6
branch  1 taken 2 (fallthrough)
        -:  140:    {
        6:  141:      state->deck[i][j] = estate;
        6:  142:      state->deckCount[i]++;
        -:  143:    }
       16:  144:      for (j = 3; j < 10; j++)
branch  0 taken 14
branch  1 taken 2 (fallthrough)
        -:  145:    {
       14:  146:      state->deck[i][j] = copper;
       14:  147:      state->deckCount[i]++;        
        -:  148:    }
        -:  149:    }
        -:  150:
        -:  151:  //shuffle player decks
        3:  152:  for (i = 0; i < numPlayers; i++)
branch  0 taken 2
branch  1 taken 1 (fallthrough)
        -:  153:    {
        2:  154:      if ( shuffle(i, state) < 0 )
call    0 returned 2
branch  1 taken 0 (fallthrough)
branch  2 taken 2
        -:  155:    {
    #####:  156:      return -1;
        -:  157:    }
        -:  158:    }
        -:  159:
        -:  160:  //draw player hands
        3:  161:  for (i = 0; i < numPlayers; i++)
branch  0 taken 2
branch  1 taken 1 (fallthrough)
        -:  162:    {  
        -:  163:      //initialize hand size to zero
        2:  164:      state->handCount[i] = 0;
        2:  165:      state->discardCount[i] = 0;
        -:  166:      //draw 5 cards
        -:  167:      // for (j = 0; j < 5; j++)
        -:  168:      //    {
        -:  169:      //      drawCard(i, state);
        -:  170:      //    }
        -:  171:    }
        -:  172:  
        -:  173:  //set embargo tokens to 0 for all supply piles
       28:  174:  for (i = 0; i <= treasure_map; i++)
branch  0 taken 27
branch  1 taken 1 (fallthrough)
        -:  175:    {
       27:  176:      state->embargoTokens[i] = 0;
        -:  177:    }
        -:  178:
        -:  179:  //initialize first player's turn
        1:  180:  state->outpostPlayed = 0;
        1:  181:  state->phase = 0;
        1:  182:  state->numActions = 1;
        1:  183:  state->numBuys = 1;
        1:  184:  state->playedCardCount = 0;
        1:  185:  state->whoseTurn = 0;
        1:  186:  state->handCount[state->whoseTurn] = 0;
        -:  187:  //int it; move to top
        -:  188:
        -:  189:  //Moved draw cards to here, only drawing at the start of a turn
        6:  190:  for (it = 0; it < 5; it++){
branch  0 taken 5
branch  1 taken 1 (fallthrough)
        5:  191:    drawCard(state->whoseTurn, state);
call    0 returned 5
        -:  192:  }
        -:  193:
        1:  194:  updateCoins(state->whoseTurn, state, 0);
call    0 returned 1
        -:  195:
        1:  196:  return 0;
        -:  197:}
        -:  198:
function shuffle called 2 returned 100% blocks executed 94%
        2:  199:int shuffle(int player, struct gameState *state) {
        -:  200: 
        -:  201:
        -:  202:  int newDeck[MAX_DECK];
        2:  203:  int newDeckPos = 0;
        -:  204:  int card;
        -:  205:  int i;
        -:  206:
        2:  207:  if (state->deckCount[player] < 1)
branch  0 taken 0 (fallthrough)
branch  1 taken 2
    #####:  208:    return -1;
        2:  209:  qsort ((void*)(state->deck[player]), state->deckCount[player], sizeof(int), compare); 
call    0 returned 2
        -:  210:  /* SORT CARDS IN DECK TO ENSURE DETERMINISM! */
        -:  211:
       24:  212:  while (state->deckCount[player] > 0) {
branch  0 taken 20
branch  1 taken 2 (fallthrough)
       20:  213:    card = floor(Random() * state->deckCount[player]);
call    0 returned 20
       20:  214:    newDeck[newDeckPos] = state->deck[player][card];
       20:  215:    newDeckPos++;
       70:  216:    for (i = card; i < state->deckCount[player]-1; i++) {
branch  0 taken 50
branch  1 taken 20 (fallthrough)
       50:  217:      state->deck[player][i] = state->deck[player][i+1];
        -:  218:    }
       20:  219:    state->deckCount[player]--;
        -:  220:  }
       22:  221:  for (i = 0; i < newDeckPos; i++) {
branch  0 taken 20
branch  1 taken 2 (fallthrough)
       20:  222:    state->deck[player][i] = newDeck[i];
       20:  223:    state->deckCount[player]++;
        -:  224:  }
        -:  225:
        2:  226:  return 0;
        -:  227:}
        -:  228:
function playCard called 0 returned 0% blocks executed 0%
    #####:  229:int playCard(int handPos, int choice1, int choice2, int choice3, struct gameState *state) { 
        -:  230:  int card;
    #####:  231:  int coin_bonus = 0;       //tracks coins gain from actions
        -:  232:
        -:  233:  //check if it is the right phase
    #####:  234:  if (state->phase != 0)
branch  0 never executed
branch  1 never executed
        -:  235:    {
    #####:  236:      return -1;
        -:  237:    }
        -:  238:    
        -:  239:  //check if player has enough actions
    #####:  240:  if ( state->numActions < 1 )
branch  0 never executed
branch  1 never executed
        -:  241:    {
    #####:  242:      return -1;
        -:  243:    }
        -:  244:    
        -:  245:  //get card played
    #####:  246:  card = handCard(handPos, state);
call    0 never executed
        -:  247:    
        -:  248:  //check if selected card is an action
    #####:  249:  if ( card < adventurer || card > treasure_map )
branch  0 never executed
branch  1 never executed
branch  2 never executed
branch  3 never executed
        -:  250:    {
    #####:  251:      return -1;
        -:  252:    }
        -:  253:    
        -:  254:  //play card
    #####:  255:  if ( cardEffect(card, choice1, choice2, choice3, state, handPos, &coin_bonus) < 0 )
call    0 never executed
branch  1 never executed
branch  2 never executed
        -:  256:    {
    #####:  257:      return -1;
        -:  258:    }
        -:  259:    
        -:  260:  //reduce number of actions
    #####:  261:  state->numActions--;
        -:  262:
        -:  263:  //update coins (Treasure cards may be added with card draws)
    #####:  264:  updateCoins(state->whoseTurn, state, coin_bonus);
call    0 never executed
        -:  265:    
    #####:  266:  return 0;
        -:  267:}
        -:  268:
function buyCard called 0 returned 0% blocks executed 0%
    #####:  269:int buyCard(int supplyPos, struct gameState *state) {
        -:  270:  int who;
        -:  271:  if (DEBUG){
        -:  272:    printf("Entering buyCard...\n");
        -:  273:  }
        -:  274:
        -:  275:  // I don't know what to do about the phase thing.
        -:  276:
    #####:  277:  who = state->whoseTurn;
        -:  278:
    #####:  279:  if (state->numBuys < 1){
branch  0 never executed
branch  1 never executed
        -:  280:    if (DEBUG)
        -:  281:      printf("You do not have any buys left\n");
    #####:  282:    return -1;
    #####:  283:  } else if (supplyCount(supplyPos, state) <1){
call    0 never executed
branch  1 never executed
branch  2 never executed
        -:  284:    if (DEBUG)
        -:  285:      printf("There are not any of that type of card left\n");
    #####:  286:    return -1;
    #####:  287:  } else if (state->coins < getCost(supplyPos)){
call    0 never executed
branch  1 never executed
branch  2 never executed
        -:  288:    if (DEBUG) 
        -:  289:      printf("You do not have enough money to buy that. You have %d coins.\n", state->coins);
    #####:  290:    return -1;
        -:  291:  } else {
    #####:  292:    state->phase=1;
        -:  293:    //state->supplyCount[supplyPos]--;
    #####:  294:    gainCard(supplyPos, state, 0, who); //card goes in discard, this might be wrong.. (2 means goes into hand, 0 goes into discard)
call    0 never executed
        -:  295:  
    #####:  296:    state->coins = (state->coins) - (getCost(supplyPos));
call    0 never executed
    #####:  297:    state->numBuys--;
        -:  298:    if (DEBUG)
        -:  299:      printf("You bought card number %d for %d coins. You now have %d buys and %d coins.\n", supplyPos, getCost(supplyPos), state->numBuys, state->coins);
        -:  300:  }
        -:  301:
        -:  302:  //state->discard[who][state->discardCount[who]] = supplyPos;
        -:  303:  //state->discardCount[who]++;
        -:  304:    
    #####:  305:  return 0;
        -:  306:}
        -:  307:
function numHandCards called 0 returned 0% blocks executed 0%
    #####:  308:int numHandCards(struct gameState *state) {
    #####:  309:  return state->handCount[ whoseTurn(state) ];
call    0 never executed
        -:  310:}
        -:  311:
function handCard called 0 returned 0% blocks executed 0%
    #####:  312:int handCard(int handPos, struct gameState *state) {
    #####:  313:  int currentPlayer = whoseTurn(state);
call    0 never executed
    #####:  314:  return state->hand[currentPlayer][handPos];
        -:  315:}
        -:  316:
function supplyCount called 0 returned 0% blocks executed 0%
    #####:  317:int supplyCount(int card, struct gameState *state) {
    #####:  318:  return state->supplyCount[card];
        -:  319:}
        -:  320:
function fullDeckCount called 0 returned 0% blocks executed 0%
    #####:  321:int fullDeckCount(int player, int card, struct gameState *state) {
        -:  322:  int i;
    #####:  323:  int count = 0;
        -:  324:
    #####:  325:  for (i = 0; i < state->deckCount[player]; i++)
branch  0 never executed
branch  1 never executed
        -:  326:    {
    #####:  327:      if (state->deck[player][i] == card) count++;
branch  0 never executed
branch  1 never executed
        -:  328:    }
        -:  329:
    #####:  330:  for (i = 0; i < state->handCount[player]; i++)
branch  0 never executed
branch  1 never executed
        -:  331:    {
    #####:  332:      if (state->hand[player][i] == card) count++;
branch  0 never executed
branch  1 never executed
        -:  333:    }
        -:  334:
    #####:  335:  for (i = 0; i < state->discardCount[player]; i++)
branch  0 never executed
branch  1 never executed
        -:  336:    {
    #####:  337:      if (state->discard[player][i] == card) count++;
branch  0 never executed
branch  1 never executed
        -:  338:    }
        -:  339:
    #####:  340:  return count;
        -:  341:}
        -:  342:
function whoseTurn called 4 returned 100% blocks executed 100%
        4:  343:int whoseTurn(struct gameState *state) {
        4:  344:  return state->whoseTurn;
        -:  345:}
        -:  346:
function endTurn called 0 returned 0% blocks executed 0%
    #####:  347:int endTurn(struct gameState *state) {
        -:  348:  int k;
        -:  349:  int i;
    #####:  350:  int currentPlayer = whoseTurn(state);
call    0 never executed
        -:  351:  
        -:  352:  //Discard hand
    #####:  353:  for (i = 0; i < state->handCount[currentPlayer]; i++){
branch  0 never executed
branch  1 never executed
    #####:  354:    state->discard[currentPlayer][state->discardCount[currentPlayer]++] = state->hand[currentPlayer][i];//Discard
    #####:  355:    state->hand[currentPlayer][i] = -1;//Set card to -1
        -:  356:  }
    #####:  357:  state->handCount[currentPlayer] = 0;//Reset hand count
        -:  358:    
        -:  359:  //Code for determining the player
    #####:  360:  if (currentPlayer < (state->numPlayers - 1)){ 
branch  0 never executed
branch  1 never executed
    #####:  361:    state->whoseTurn = currentPlayer + 1;//Still safe to increment
        -:  362:  }
        -:  363:  else{
    #####:  364:    state->whoseTurn = 0;//Max player has been reached, loop back around to player 1
        -:  365:  }
        -:  366:
    #####:  367:  state->outpostPlayed = 0;
    #####:  368:  state->phase = 0;
    #####:  369:  state->numActions = 1;
    #####:  370:  state->coins = 0;
    #####:  371:  state->numBuys = 1;
    #####:  372:  state->playedCardCount = 0;
    #####:  373:  state->handCount[state->whoseTurn] = 0;
        -:  374:
        -:  375:  //int k; move to top
        -:  376:  //Next player draws hand
    #####:  377:  for (k = 0; k < 5; k++){
branch  0 never executed
branch  1 never executed
    #####:  378:    drawCard(state->whoseTurn, state);//Draw a card
call    0 never executed
        -:  379:  }
        -:  380:
        -:  381:  //Update money
    #####:  382:  updateCoins(state->whoseTurn, state , 0);
call    0 never executed
        -:  383:
    #####:  384:  return 0;
        -:  385:}
        -:  386:
function isGameOver called 0 returned 0% blocks executed 0%
    #####:  387:int isGameOver(struct gameState *state) {
        -:  388:  int i;
        -:  389:  int j;
        -:  390:    
        -:  391:  //if stack of Province cards is empty, the game ends
    #####:  392:  if (state->supplyCount[province] == 0)
branch  0 never executed
branch  1 never executed
        -:  393:    {
    #####:  394:      return 1;
        -:  395:    }
        -:  396:
        -:  397:  //if three supply pile are at 0, the game ends
    #####:  398:  j = 0;
    #####:  399:  for (i = 0; i < 25; i++)
branch  0 never executed
branch  1 never executed
        -:  400:    {
    #####:  401:      if (state->supplyCount[i] == 0)
branch  0 never executed
branch  1 never executed
        -:  402:    {
    #####:  403:      j++;
        -:  404:    }
        -:  405:    }
    #####:  406:  if ( j >= 3)
branch  0 never executed
branch  1 never executed
        -:  407:    {
    #####:  408:      return 1;
        -:  409:    }
        -:  410:
    #####:  411:  return 0;
        -:  412:}
        -:  413:
function scoreFor called 0 returned 0% blocks executed 0%
    #####:  414:int scoreFor (int player, struct gameState *state) {
        -:  415:
        -:  416:  int i;
    #####:  417:  int score = 0;
        -:  418:  //score from hand
    #####:  419:  for (i = 0; i < state->handCount[player]; i++)
branch  0 never executed
branch  1 never executed
        -:  420:    {
    #####:  421:      if (state->hand[player][i] == curse) { score = score - 1; };
branch  0 never executed
branch  1 never executed
    #####:  422:      if (state->hand[player][i] == estate) { score = score + 1; };
branch  0 never executed
branch  1 never executed
    #####:  423:      if (state->hand[player][i] == duchy) { score = score + 3; };
branch  0 never executed
branch  1 never executed
    #####:  424:      if (state->hand[player][i] == province) { score = score + 6; };
branch  0 never executed
branch  1 never executed
    #####:  425:      if (state->hand[player][i] == great_hall) { score = score + 1; };
branch  0 never executed
branch  1 never executed
    #####:  426:      if (state->hand[player][i] == gardens) { score = score + ( fullDeckCount(player, 0, state) / 10 ); };
branch  0 never executed
branch  1 never executed
call    2 never executed
        -:  427:    }
        -:  428:
        -:  429:  //score from discard
    #####:  430:  for (i = 0; i < state->discardCount[player]; i++)
branch  0 never executed
branch  1 never executed
        -:  431:    {
    #####:  432:      if (state->discard[player][i] == curse) { score = score - 1; };
branch  0 never executed
branch  1 never executed
    #####:  433:      if (state->discard[player][i] == estate) { score = score + 1; };
branch  0 never executed
branch  1 never executed
    #####:  434:      if (state->discard[player][i] == duchy) { score = score + 3; };
branch  0 never executed
branch  1 never executed
    #####:  435:      if (state->discard[player][i] == province) { score = score + 6; };
branch  0 never executed
branch  1 never executed
    #####:  436:      if (state->discard[player][i] == great_hall) { score = score + 1; };
branch  0 never executed
branch  1 never executed
    #####:  437:      if (state->discard[player][i] == gardens) { score = score + ( fullDeckCount(player, 0, state) / 10 ); };
branch  0 never executed
branch  1 never executed
call    2 never executed
        -:  438:    }
        -:  439:
        -:  440:  //score from deck
    #####:  441:  for (i = 0; i < state->discardCount[player]; i++)
branch  0 never executed
branch  1 never executed
        -:  442:    {
    #####:  443:      if (state->deck[player][i] == curse) { score = score - 1; };
branch  0 never executed
branch  1 never executed
    #####:  444:      if (state->deck[player][i] == estate) { score = score + 1; };
branch  0 never executed
branch  1 never executed
    #####:  445:      if (state->deck[player][i] == duchy) { score = score + 3; };
branch  0 never executed
branch  1 never executed
    #####:  446:      if (state->deck[player][i] == province) { score = score + 6; };
branch  0 never executed
branch  1 never executed
    #####:  447:      if (state->deck[player][i] == great_hall) { score = score + 1; };
branch  0 never executed
branch  1 never executed
    #####:  448:      if (state->deck[player][i] == gardens) { score = score + ( fullDeckCount(player, 0, state) / 10 ); };
branch  0 never executed
branch  1 never executed
call    2 never executed
        -:  449:    }
        -:  450:
    #####:  451:  return score;
        -:  452:}
        -:  453:
function getWinners called 0 returned 0% blocks executed 0%
    #####:  454:int getWinners(int players[MAX_PLAYERS], struct gameState *state) {
        -:  455:  int i;    
        -:  456:  int j;
        -:  457:  int highScore;
        -:  458:  int currentPlayer;
        -:  459:
        -:  460:  //get score for each player
    #####:  461:  for (i = 0; i < MAX_PLAYERS; i++)
branch  0 never executed
branch  1 never executed
        -:  462:    {
        -:  463:      //set unused player scores to -9999
    #####:  464:      if (i >= state->numPlayers)
branch  0 never executed
branch  1 never executed
        -:  465:    {
    #####:  466:      players[i] = -9999;
        -:  467:    }
        -:  468:      else
        -:  469:    {
    #####:  470:      players[i] = scoreFor (i, state);
call    0 never executed
        -:  471:    }
        -:  472:    }
        -:  473:
        -:  474:  //find highest score
    #####:  475:  j = 0;
    #####:  476:  for (i = 0; i < MAX_PLAYERS; i++)
branch  0 never executed
branch  1 never executed
        -:  477:    {
    #####:  478:      if (players[i] > players[j])
branch  0 never executed
branch  1 never executed
        -:  479:    {
    #####:  480:      j = i;
        -:  481:    }
        -:  482:    }
    #####:  483:  highScore = players[j];
        -:  484:
        -:  485:  //add 1 to players who had less turns
    #####:  486:  currentPlayer = whoseTurn(state);
call    0 never executed
    #####:  487:  for (i = 0; i < MAX_PLAYERS; i++)
branch  0 never executed
branch  1 never executed
        -:  488:    {
    #####:  489:      if ( players[i] == highScore && i > currentPlayer )
branch  0 never executed
branch  1 never executed
branch  2 never executed
branch  3 never executed
        -:  490:    {
    #####:  491:      players[i]++;
        -:  492:    }
        -:  493:    }
        -:  494:
        -:  495:  //find new highest score
    #####:  496:  j = 0;
    #####:  497:  for (i = 0; i < MAX_PLAYERS; i++)
branch  0 never executed
branch  1 never executed
        -:  498:    {
    #####:  499:      if ( players[i] > players[j] )
branch  0 never executed
branch  1 never executed
        -:  500:    {
    #####:  501:      j = i;
        -:  502:    }
        -:  503:    }
    #####:  504:  highScore = players[j];
        -:  505:
        -:  506:  //set winners in array to 1 and rest to 0
    #####:  507:  for (i = 0; i < MAX_PLAYERS; i++)
branch  0 never executed
branch  1 never executed
        -:  508:    {
    #####:  509:      if ( players[i] == highScore )
branch  0 never executed
branch  1 never executed
        -:  510:    {
    #####:  511:      players[i] = 1;
        -:  512:    }
        -:  513:      else
        -:  514:    {
    #####:  515:      players[i] = 0;
        -:  516:    }
        -:  517:    }
        -:  518:
    #####:  519:  return 0;
        -:  520:}
        -:  521:
function drawCard called 10 returned 100% blocks executed 38%
       10:  522:int drawCard(int player, struct gameState *state){
        -:  523:  int count;
        -:  524:  int deckCounter;
       10:  525:  if (state->deckCount[player] <= 0){//Deck is empty
branch  0 taken 0 (fallthrough)
branch  1 taken 10
        -:  526:    
        -:  527:    //Step 1 Shuffle the discard pile back into a deck
        -:  528:    int i;
        -:  529:    //Move discard to deck
    #####:  530:    for (i = 0; i < state->discardCount[player];i++){
branch  0 never executed
branch  1 never executed
    #####:  531:      state->deck[player][i] = state->discard[player][i];
    #####:  532:      state->discard[player][i] = -1;
        -:  533:    }
        -:  534:
    #####:  535:    state->deckCount[player] = state->discardCount[player];
    #####:  536:    state->discardCount[player] = 0;//Reset discard
        -:  537:
        -:  538:    //Shufffle the deck
    #####:  539:    shuffle(player, state);//Shuffle the deck up and make it so that we can draw
call    0 never executed
        -:  540:   
        -:  541:    if (DEBUG){//Debug statements
        -:  542:      printf("Deck count now: %d\n", state->deckCount[player]);
        -:  543:    }
        -:  544:    
    #####:  545:    state->discardCount[player] = 0;
        -:  546:
        -:  547:    //Step 2 Draw Card
    #####:  548:    count = state->handCount[player];//Get current player's hand count
        -:  549:    
        -:  550:    if (DEBUG){//Debug statements
        -:  551:      printf("Current hand count: %d\n", count);
        -:  552:    }
        -:  553:    
    #####:  554:    deckCounter = state->deckCount[player];//Create a holder for the deck count
        -:  555:
    #####:  556:    if (deckCounter == 0)
branch  0 never executed
branch  1 never executed
    #####:  557:      return -1;
        -:  558:
    #####:  559:    state->hand[player][count] = state->deck[player][deckCounter - 1];//Add card to hand
    #####:  560:    state->deckCount[player]--;
    #####:  561:    state->handCount[player]++;//Increment hand count
        -:  562:  }
        -:  563:
        -:  564:  else{
       10:  565:    int count = state->handCount[player];//Get current hand count for player
        -:  566:    int deckCounter;
        -:  567:    if (DEBUG){//Debug statements
        -:  568:      printf("Current hand count: %d\n", count);
        -:  569:    }
        -:  570:
       10:  571:    deckCounter = state->deckCount[player];//Create holder for the deck count
       10:  572:    state->hand[player][count] = state->deck[player][deckCounter - 1];//Add card to the hand
       10:  573:    state->deckCount[player]--;
       10:  574:    state->handCount[player]++;//Increment hand count
        -:  575:  }
        -:  576:
       10:  577:  return 0;
        -:  578:}
        -:  579:
function getCost called 0 returned 0% blocks executed 0%
    #####:  580:int getCost(int cardNumber){
        -:  581:  
    #####:  582:  switch( cardNumber ) 
branch  0 never executed
branch  1 never executed
branch  2 never executed
branch  3 never executed
branch  4 never executed
branch  5 never executed
branch  6 never executed
branch  7 never executed
branch  8 never executed
branch  9 never executed
branch 10 never executed
branch 11 never executed
branch 12 never executed
branch 13 never executed
branch 14 never executed
branch 15 never executed
branch 16 never executed
branch 17 never executed
branch 18 never executed
branch 19 never executed
branch 20 never executed
branch 21 never executed
branch 22 never executed
branch 23 never executed
branch 24 never executed
branch 25 never executed
branch 26 never executed
branch 27 never executed
        -:  583:    {
        -:  584:    case curse:
    #####:  585:      return 0;
        -:  586:    case estate:
    #####:  587:      return 2;
        -:  588:    case duchy:
    #####:  589:      return 5;
        -:  590:    case province:
    #####:  591:      return 8;
        -:  592:    case copper:
    #####:  593:      return 0;
        -:  594:    case silver:
    #####:  595:      return 3;
        -:  596:    case gold:
    #####:  597:      return 6;
        -:  598:    case adventurer:
    #####:  599:      return 6;
        -:  600:    case council_room:
    #####:  601:      return 5;
        -:  602:    case feast:
    #####:  603:      return 4;
        -:  604:    case gardens:
    #####:  605:      return 4;
        -:  606:    case mine:
    #####:  607:      return 5;
        -:  608:    case remodel:
    #####:  609:      return 4;
        -:  610:    case smithy:
    #####:  611:      return 4;
        -:  612:    case village:
    #####:  613:      return 3;
        -:  614:    case baron:
    #####:  615:      return 4;
        -:  616:    case great_hall:
    #####:  617:      return 3;
        -:  618:    case minion:
    #####:  619:      return 5;
        -:  620:    case steward:
    #####:  621:      return 3;
        -:  622:    case tribute:
    #####:  623:      return 5;
        -:  624:    case ambassador:
    #####:  625:      return 3;
        -:  626:    case cutpurse:
    #####:  627:      return 4;
        -:  628:    case embargo: 
    #####:  629:      return 2;
        -:  630:    case outpost:
    #####:  631:      return 5;
        -:  632:    case salvager:
    #####:  633:      return 4;
        -:  634:    case sea_hag:
    #####:  635:      return 4;
        -:  636:    case treasure_map:
    #####:  637:      return 4;
        -:  638:    }
        -:  639:    
    #####:  640:  return -1;
        -:  641:}
        -:  642:
function cardEffect called 1 returned 100% blocks executed 7%
        1:  643:int cardEffect(int card, int choice1, int choice2, int choice3, struct gameState *state, int handPos, int *bonus){
        -:  644:  
        -:  645:  int i;
        -:  646:  int j;
        -:  647:  int k;
        -:  648:  int x;
        -:  649:  int index;
        1:  650:  int currentPlayer = whoseTurn(state);
call    0 returned 1
        1:  651:  int nextPlayer = currentPlayer + 1;
        -:  652:
        1:  653:  int tributeRevealedCards[2] = {-1, -1};
        -:  654:  int temphand[MAX_HAND];// moved above the if statement
        1:  655:  int drawntreasure=0;
        -:  656:  int cardDrawn;
        1:  657:  int z = 0;// this is the counter for the temp hand
        1:  658:  if (nextPlayer > (state->numPlayers - 1)){
branch  0 taken 0 (fallthrough)
branch  1 taken 1
    #####:  659:    nextPlayer = 0;
        -:  660:  }
        -:  661:  
        -:  662:    
        -:  663:  //uses switch to select card and perform actions
        1:  664:  switch( card ) 
branch  0 taken 0
branch  1 taken 1
branch  2 taken 0
branch  3 taken 0
branch  4 taken 0
branch  5 taken 0
branch  6 taken 0
branch  7 taken 0
branch  8 taken 0
branch  9 taken 0
branch 10 taken 0
branch 11 taken 0
branch 12 taken 0
branch 13 taken 0
branch 14 taken 0
branch 15 taken 0
branch 16 taken 0
branch 17 taken 0
branch 18 taken 0
branch 19 taken 0
branch 20 taken 0
        -:  665:    {
        -:  666:    case adventurer: ;
    #####:  667:      int adventurerReturn = adventurerFunc(state, z, cardDrawn, drawntreasure, currentPlayer, temphand);
call    0 never executed
    #####:  668:      return adventurerReturn;
        -:  669:      break;
        -:  670:    
        -:  671:      /*Original adventurer code will replace when done
        -:  672:      while(drawntreasure<2){
        -:  673:          if (state->deckCount[currentPlayer] <1){//if the deck is empty we need to shuffle discard and add to deck
        -:  674:          shuffle(currentPlayer, state);
        -:  675:          }
        -:  676:          
        -:  677:          drawCard(currentPlayer, state);
        -:  678:          cardDrawn = state->hand[currentPlayer][state->handCount[currentPlayer]-1];//top card of hand is most recently drawn card.
        -:  679:          
        -:  680:          if (cardDrawn == copper || cardDrawn == silver || cardDrawn == gold){
        -:  681:            drawntreasure++;
        -:  682:          }
        -:  683:          else{
        -:  684:          temphand[z]=cardDrawn;
        -:  685:          state->handCount[currentPlayer]--; //this should just remove the top card (the most recently drawn one).
        -:  686:          z++;
        -:  687:          }
        -:  688:          
        -:  689:      }
        -:  690:      while(z-1>=0){
        -:  691:          state->discard[currentPlayer][state->discardCount[currentPlayer]++]=temphand[z-1]; // discard all cards in play that have been drawn
        -:  692:          z=z-1;
        -:  693:      }
        -:  694:      return 0;
        -:  695:      */
        -:  696:            
        -:  697:    case council_room:
        -:  698:      //+4 Cards
        5:  699:      for (i = 0; i < 4; i++)
branch  0 taken 4
branch  1 taken 1 (fallthrough)
        -:  700:        {
        4:  701:          drawCard(currentPlayer, state);
call    0 returned 4
        -:  702:        }
        -:  703:            
        -:  704:      //+1 Buy
        1:  705:      state->numBuys++;
        -:  706:            
        -:  707:      //Each other player draws a card
        3:  708:      for (i = 0; i < state->numPlayers; i++)
branch  0 taken 2
branch  1 taken 1 (fallthrough)
        -:  709:        {
        2:  710:          if ( i != currentPlayer )
branch  0 taken 1 (fallthrough)
branch  1 taken 1
        -:  711:          {
        1:  712:          drawCard(i, state);
call    0 returned 1
        -:  713:          }
        -:  714:        }
        -:  715:            
        -:  716:      //put played card in played card pile
        1:  717:      discardCard(handPos, currentPlayer, state, 0);
call    0 returned 1
        -:  718:            
        1:  719:      return 0;
        -:  720:            
        -:  721:    case feast:
        -:  722:      //gain card with cost up to 5
        -:  723:      //Backup hand
    #####:  724:      for (i = 0; i <= state->handCount[currentPlayer]; i++){
branch  0 never executed
branch  1 never executed
    #####:  725:          temphand[i] = state->hand[currentPlayer][i];//Backup card
    #####:  726:          state->hand[currentPlayer][i] = -1;//Set to nothing
        -:  727:      }
        -:  728:      //Backup hand
        -:  729:
        -:  730:      //Update Coins for Buy
    #####:  731:      updateCoins(currentPlayer, state, 5);
call    0 never executed
    #####:  732:      x = 1;//Condition to loop on
    #####:  733:      while( x == 1) {//Buy one card
branch  0 never executed
branch  1 never executed
    #####:  734:          if (supplyCount(choice1, state) <= 0){
call    0 never executed
branch  1 never executed
branch  2 never executed
        -:  735:            if (DEBUG)
        -:  736:            printf("None of that card left, sorry!\n");
        -:  737:
        -:  738:            if (DEBUG){
        -:  739:            printf("Cards Left: %d\n", supplyCount(choice1, state));
        -:  740:            }
        -:  741:          }
    #####:  742:         else if (state->coins < getCost(choice1)){
call    0 never executed
branch  1 never executed
branch  2 never executed
    #####:  743:            printf("That card is too expensive!\n");
call    0 never executed
        -:  744:
        -:  745:           if (DEBUG){
        -:  746:              printf("Coins: %d < %d\n", state->coins, getCost(choice1));
        -:  747:            }
        -:  748:          }
        -:  749:          else{
        -:  750:
        -:  751:            if (DEBUG){
        -:  752:              printf("Deck Count: %d\n", state->handCount[currentPlayer] + state->deckCount[currentPlayer] + state->discardCount[currentPlayer]);
        -:  753:            }
        -:  754:
    #####:  755:            gainCard(choice1, state, 0, currentPlayer);//Gain the card
call    0 never executed
    #####:  756:            x = 0;//No more buying cards
        -:  757:
        -:  758:            if (DEBUG){
        -:  759:            printf("Deck Count: %d\n", state->handCount[currentPlayer] + state->deckCount[currentPlayer] + state->discardCount[currentPlayer]);
        -:  760:            }
        -:  761:
        -:  762:          }
        -:  763:      }     
        -:  764:
        -:  765:      //Reset Hand
    #####:  766:      for (i = 0; i <= state->handCount[currentPlayer]; i++){
branch  0 never executed
branch  1 never executed
    #####:  767:          state->hand[currentPlayer][i] = temphand[i];
    #####:  768:          temphand[i] = -1;
        -:  769:      }
        -:  770:      //Reset Hand
        -:  771:                
    #####:  772:      return 0;
        -:  773:            
        -:  774:    case gardens:
    #####:  775:      return -1;
        -:  776:            
        -:  777:    case mine:
    #####:  778:      j = state->hand[currentPlayer][choice1];  //store card we will trash
        -:  779:
    #####:  780:      if (state->hand[currentPlayer][choice1] < copper || state->hand[currentPlayer][choice1] > gold)
branch  0 never executed
branch  1 never executed
branch  2 never executed
branch  3 never executed
        -:  781:        {
    #####:  782:          return -1;
        -:  783:        }
        -:  784:        
    #####:  785:      if (choice2 > treasure_map || choice2 < curse)
branch  0 never executed
branch  1 never executed
branch  2 never executed
branch  3 never executed
        -:  786:        {
    #####:  787:          return -1;
        -:  788:        }
        -:  789:
    #####:  790:      if ( (getCost(state->hand[currentPlayer][choice1]) + 3) > getCost(choice2) )
call    0 never executed
call    1 never executed
branch  2 never executed
branch  3 never executed
        -:  791:        {
    #####:  792:          return -1;
        -:  793:        }
        -:  794:
    #####:  795:      gainCard(choice2, state, 2, currentPlayer);
call    0 never executed
        -:  796:
        -:  797:      //discard card from hand
    #####:  798:      discardCard(handPos, currentPlayer, state, 0);
call    0 never executed
        -:  799:
        -:  800:      //discard trashed card
    #####:  801:      for (i = 0; i < state->handCount[currentPlayer]; i++)
branch  0 never executed
branch  1 never executed
        -:  802:        {
    #####:  803:          if (state->hand[currentPlayer][i] == j)
branch  0 never executed
branch  1 never executed
        -:  804:          {
    #####:  805:            discardCard(i, currentPlayer, state, 0);            
call    0 never executed
    #####:  806:            break;
        -:  807:          }
        -:  808:        }
        -:  809:            
    #####:  810:      return 0;
        -:  811:            
        -:  812:    case remodel:
    #####:  813:      j = state->hand[currentPlayer][choice1];  //store card we will trash
        -:  814:
    #####:  815:      if ( (getCost(state->hand[currentPlayer][choice1]) + 2) > getCost(choice2) )
call    0 never executed
call    1 never executed
branch  2 never executed
branch  3 never executed
        -:  816:        {
    #####:  817:          return -1;
        -:  818:        }
        -:  819:
    #####:  820:      gainCard(choice2, state, 0, currentPlayer);
call    0 never executed
        -:  821:
        -:  822:      //discard card from hand
    #####:  823:      discardCard(handPos, currentPlayer, state, 0);
call    0 never executed
        -:  824:
        -:  825:      //discard trashed card
    #####:  826:      for (i = 0; i < state->handCount[currentPlayer]; i++)
branch  0 never executed
branch  1 never executed
        -:  827:        {
    #####:  828:          if (state->hand[currentPlayer][i] == j)
branch  0 never executed
branch  1 never executed
        -:  829:          {
    #####:  830:            discardCard(i, currentPlayer, state, 0);            
call    0 never executed
    #####:  831:            break;
        -:  832:          }
        -:  833:        }
        -:  834:
        -:  835:
    #####:  836:      return 0;
        -:  837:        
        -:  838:    case smithy: ;
    #####:  839:      int smithyReturn = smithyFunc(state, handPos, currentPlayer);
call    0 never executed
    #####:  840:      return smithyReturn;
        -:  841:      break;
        -:  842:    
        -:  843:      /*old smithy will delete when done
        -:  844:      //+3 Cards
        -:  845:      for (i = 0; i < 3; i++)
        -:  846:        {
        -:  847:          drawCard(currentPlayer, state);
        -:  848:        }
        -:  849:            
        -:  850:      //discard card from hand
        -:  851:      discardCard(handPos, currentPlayer, state, 0);
        -:  852:      return 0;
        -:  853:      */
        -:  854:        
        -:  855:    case village: ;
    #####:  856:      int villageReturn = villageFunc(state, handPos, bonus, currentPlayer);
call    0 never executed
    #####:  857:      return villageReturn;
        -:  858:      break;
        -:  859:      
        -:  860:      /*old village code
        -:  861:      //+1 Card
        -:  862:      drawCard(currentPlayer, state);
        -:  863:            
        -:  864:      //+2 Actions
        -:  865:      state->numActions = state->numActions + 2;
        -:  866:            
        -:  867:      //discard played card from hand
        -:  868:      discardCard(handPos, currentPlayer, state, 0);
        -:  869:      return 0;
        -:  870:          */
        -:  871:        
        -:  872:    case baron:
    #####:  873:      state->numBuys++;//Increase buys by 1!
    #####:  874:      if (choice1 > 0){//Boolean true or going to discard an estate
branch  0 never executed
branch  1 never executed
    #####:  875:          int p = 0;//Iterator for hand!
    #####:  876:          int card_not_discarded = 1;//Flag for discard set!
    #####:  877:          while(card_not_discarded){
branch  0 never executed
branch  1 never executed
        -:  878:            
    #####:  879:              if (state->hand[currentPlayer][p] == estate){//Found an estate card!
branch  0 never executed
branch  1 never executed
    #####:  880:                  state->coins += 4;//Add 4 coins to the amount of coins
    #####:  881:                  state->discard[currentPlayer][state->discardCount[currentPlayer]] = state->hand[currentPlayer][p];
    #####:  882:                  state->discardCount[currentPlayer]++;
    #####:  883:              for (;p < state->handCount[currentPlayer]; p++){
branch  0 never executed
branch  1 never executed
    #####:  884:                  state->hand[currentPlayer][p] = state->hand[currentPlayer][p+1];
        -:  885:                }
    #####:  886:                state->hand[currentPlayer][state->handCount[currentPlayer]] = -1;
    #####:  887:                state->handCount[currentPlayer]--;
    #####:  888:                card_not_discarded = 0;//Exit the loop
        -:  889:              }
        -:  890:            
    #####:  891:             else if (p > state->handCount[currentPlayer]){
branch  0 never executed
branch  1 never executed
        -:  892:               if(DEBUG) {
        -:  893:                 printf("No estate cards in your hand, invalid choice\n");
        -:  894:                  printf("Must gain an estate if there are any\n");
        -:  895:               }
    #####:  896:               if (supplyCount(estate, state) > 0){
call    0 never executed
branch  1 never executed
branch  2 never executed
    #####:  897:                 gainCard(estate, state, 0, currentPlayer);
call    0 never executed
    #####:  898:                 state->supplyCount[estate]--;//Decrement estates
    #####:  899:                  if (supplyCount(estate, state) == 0){
call    0 never executed
branch  1 never executed
branch  2 never executed
    #####:  900:                      isGameOver(state);
call    0 never executed
        -:  901:                  }
        -:  902:                }
    #####:  903:                card_not_discarded = 0;//Exit the loop
        -:  904:              }
        -:  905:                
        -:  906:           else{
    #####:  907:                p++;//Next card
        -:  908:            }
        -:  909:          }
        -:  910:      }
        -:  911:                
        -:  912:      else{
    #####:  913:          if (supplyCount(estate, state) > 0){
call    0 never executed
branch  1 never executed
branch  2 never executed
    #####:  914:            gainCard(estate, state, 0, currentPlayer);//Gain an estate
call    0 never executed
    #####:  915:            state->supplyCount[estate]--;//Decrement Estates
        -:  916:            
    #####:  917:            if (supplyCount(estate, state) == 0){
call    0 never executed
branch  1 never executed
branch  2 never executed
    #####:  918:            isGameOver(state);
call    0 never executed
        -:  919:            }
        -:  920:          }
        -:  921:      }
        -:  922:        
        -:  923:      
    #####:  924:      return 0;
        -:  925:        
        -:  926:    case great_hall:
        -:  927:      //+1 Card
    #####:  928:      drawCard(currentPlayer, state);
call    0 never executed
        -:  929:            
        -:  930:      //+1 Actions
    #####:  931:      state->numActions++;
        -:  932:            
        -:  933:      //discard card from hand
    #####:  934:      discardCard(handPos, currentPlayer, state, 0);
call    0 never executed
    #####:  935:      return 0;
        -:  936:        
        -:  937:    case minion: ;
    #####:  938:      int minionReturn = minionFunc(choice1, choice2, state, handPos, currentPlayer, i, j);
call    0 never executed
    #####:  939:      return minionReturn;
        -:  940:      break;
        -:  941:    
        -:  942:    /*original minion code
        -:  943:      //+1 action
        -:  944:      state->numActions++;
        -:  945:            
        -:  946:      //discard card from hand
        -:  947:      discardCard(handPos, currentPlayer, state, 0);
        -:  948:            
        -:  949:      if (choice1)      //+2 coins
        -:  950:        {
        -:  951:          state->coins = state->coins + 2;
        -:  952:        }
        -:  953:            
        -:  954:      else if (choice2)     //discard hand, redraw 4, other players with 5+ cards discard hand and draw 4
        -:  955:          {
        -:  956:            //discard hand
        -:  957:          while(numHandCards(state) > 0)
        -:  958:            {
        -:  959:              discardCard(handPos, currentPlayer, state, 0);
        -:  960:            }
        -:  961:                
        -:  962:          //draw 4
        -:  963:          for (i = 0; i < 4; i++)
        -:  964:            {
        -:  965:              drawCard(currentPlayer, state);
        -:  966:            }
        -:  967:                
        -:  968:          //other players discard hand and redraw if hand size > 4
        -:  969:          for (i = 0; i < state->numPlayers; i++)
        -:  970:          {
        -:  971:            if (i != currentPlayer)
        -:  972:              {
        -:  973:                if ( state->handCount[i] > 4 )
        -:  974:                {
        -:  975:                //discard hand
        -:  976:                  while( state->handCount[i] > 0 )
        -:  977:                    {
        -:  978:                      discardCard(handPos, i, state, 0);
        -:  979:                    }
        -:  980:                            
        -:  981:              //draw 4
        -:  982:                  for (j = 0; j < 4; j++)
        -:  983:                    {
        -:  984:                      drawCard(i, state);
        -:  985:                    }
        -:  986:                }
        -:  987:              }
        -:  988:        }
        -:  989:                
        -:  990:       }
        -:  991:     return 0;
        -:  992:     
        -:  993:      */
        -:  994:        
        -:  995:    case steward:
    #####:  996:      if (choice1 == 1)
branch  0 never executed
branch  1 never executed
        -:  997:        {
        -:  998:          //+2 cards
    #####:  999:          drawCard(currentPlayer, state);
call    0 never executed
    #####: 1000:          drawCard(currentPlayer, state);
call    0 never executed
        -: 1001:        }
    #####: 1002:      else if (choice1 == 2)
branch  0 never executed
branch  1 never executed
        -: 1003:        {
        -: 1004:          //+2 coins
    #####: 1005:          state->coins = state->coins + 2;
        -: 1006:        }
        -: 1007:      else
        -: 1008:        {
        -: 1009:          //trash 2 cards in hand
    #####: 1010:          discardCard(choice2, currentPlayer, state, 1);
call    0 never executed
    #####: 1011:          discardCard(choice3, currentPlayer, state, 1);
call    0 never executed
        -: 1012:        }
        -: 1013:            
        -: 1014:      //discard card from hand
    #####: 1015:      discardCard(handPos, currentPlayer, state, 0);
call    0 never executed
    #####: 1016:      return 0;
        -: 1017:        
        -: 1018:    case tribute:
    #####: 1019:      if ((state->discardCount[nextPlayer] + state->deckCount[nextPlayer]) <= 1){
branch  0 never executed
branch  1 never executed
    #####: 1020:          if (state->deckCount[nextPlayer] > 0){
branch  0 never executed
branch  1 never executed
    #####: 1021:            tributeRevealedCards[0] = state->deck[nextPlayer][state->deckCount[nextPlayer]-1];
    #####: 1022:            state->deckCount[nextPlayer]--;
        -: 1023:          }
    #####: 1024:          else if (state->discardCount[nextPlayer] > 0){
branch  0 never executed
branch  1 never executed
    #####: 1025:            tributeRevealedCards[0] = state->discard[nextPlayer][state->discardCount[nextPlayer]-1];
    #####: 1026:            state->discardCount[nextPlayer]--;
        -: 1027:          }
        -: 1028:          else{
        -: 1029:          //No Card to Reveal
        -: 1030:            if (DEBUG){
        -: 1031:              printf("No cards to reveal\n");
        -: 1032:            }
        -: 1033:          }
        -: 1034:      }
        -: 1035:        
        -: 1036:      else{
    #####: 1037:          if (state->deckCount[nextPlayer] == 0){
branch  0 never executed
branch  1 never executed
    #####: 1038:            for (i = 0; i < state->discardCount[nextPlayer]; i++){
branch  0 never executed
branch  1 never executed
    #####: 1039:              state->deck[nextPlayer][i] = state->discard[nextPlayer][i];//Move to deck
    #####: 1040:              state->deckCount[nextPlayer]++;
    #####: 1041:              state->discard[nextPlayer][i] = -1;
    #####: 1042:              state->discardCount[nextPlayer]--;
        -: 1043:            }
        -: 1044:                
    #####: 1045:          shuffle(nextPlayer,state);//Shuffle the deck
call    0 never executed
        -: 1046:          }
    #####: 1047:          tributeRevealedCards[0] = state->deck[nextPlayer][state->deckCount[nextPlayer]-1];
    #####: 1048:          state->deck[nextPlayer][state->deckCount[nextPlayer]--] = -1;
    #####: 1049:          state->deckCount[nextPlayer]--;
    #####: 1050:          tributeRevealedCards[1] = state->deck[nextPlayer][state->deckCount[nextPlayer]-1];
    #####: 1051:          state->deck[nextPlayer][state->deckCount[nextPlayer]--] = -1;
    #####: 1052:          state->deckCount[nextPlayer]--;
        -: 1053:      }    
        -: 1054:               
    #####: 1055:      if (tributeRevealedCards[0] == tributeRevealedCards[1]){//If we have a duplicate card, just drop one 
branch  0 never executed
branch  1 never executed
    #####: 1056:          state->playedCards[state->playedCardCount] = tributeRevealedCards[1];
    #####: 1057:          state->playedCardCount++;
    #####: 1058:          tributeRevealedCards[1] = -1;
        -: 1059:      }
        -: 1060:
    #####: 1061:      for (i = 0; i <= 2; i ++){
branch  0 never executed
branch  1 never executed
    #####: 1062:          if (tributeRevealedCards[i] == copper || tributeRevealedCards[i] == silver || tributeRevealedCards[i] == gold){//Treasure cards
branch  0 never executed
branch  1 never executed
branch  2 never executed
branch  3 never executed
branch  4 never executed
branch  5 never executed
    #####: 1063:            state->coins += 2;
        -: 1064:          }
        -: 1065:            
    #####: 1066:          else if (tributeRevealedCards[i] == estate || tributeRevealedCards[i] == duchy || tributeRevealedCards[i] == province || tributeRevealedCards[i] == gardens || tributeRevealedCards[i] == great_hall){//Victory Card Found
branch  0 never executed
branch  1 never executed
branch  2 never executed
branch  3 never executed
branch  4 never executed
branch  5 never executed
branch  6 never executed
branch  7 never executed
branch  8 never executed
branch  9 never executed
    #####: 1067:            drawCard(currentPlayer, state);
call    0 never executed
    #####: 1068:            drawCard(currentPlayer, state);
call    0 never executed
        -: 1069:          }
        -: 1070:          else{//Action Card
    #####: 1071:            state->numActions = state->numActions + 2;
        -: 1072:          }
        -: 1073:      }
        -: 1074:        
    #####: 1075:      return 0;
        -: 1076:        
        -: 1077:    case ambassador:
    #####: 1078:      j = 0;        //used to check if player has enough cards to discard
        -: 1079:
    #####: 1080:      if (choice2 > 2 || choice2 < 0)
branch  0 never executed
branch  1 never executed
branch  2 never executed
branch  3 never executed
        -: 1081:        {
    #####: 1082:            return -1;              
        -: 1083:        }
        -: 1084:
    #####: 1085:      if (choice1 == handPos)
branch  0 never executed
branch  1 never executed
        -: 1086:        {
    #####: 1087:           return -1;
        -: 1088:        }
        -: 1089:
    #####: 1090:      for (i = 0; i < state->handCount[currentPlayer]; i++)
branch  0 never executed
branch  1 never executed
        -: 1091:        {
    #####: 1092:          if (i != handPos && i == state->hand[currentPlayer][choice1] && i != choice1)
branch  0 never executed
branch  1 never executed
branch  2 never executed
branch  3 never executed
branch  4 never executed
branch  5 never executed
        -: 1093:          {
    #####: 1094:            j++;
        -: 1095:          }
        -: 1096:        }
    #####: 1097:      if (j < choice2)
branch  0 never executed
branch  1 never executed
        -: 1098:        {
    #####: 1099:          return -1;                
        -: 1100:        }
        -: 1101:
        -: 1102:      if (DEBUG) 
        -: 1103:          printf("Player %d reveals card number: %d\n", currentPlayer, state->hand[currentPlayer][choice1]);
        -: 1104:
        -: 1105:      //increase supply count for choosen card by amount being discarded
    #####: 1106:      state->supplyCount[state->hand[currentPlayer][choice1]] += choice2;
        -: 1107:            
        -: 1108:      //each other player gains a copy of revealed card
    #####: 1109:      for (i = 0; i < state->numPlayers; i++)
branch  0 never executed
branch  1 never executed
        -: 1110:        {
    #####: 1111:          if (i != currentPlayer)
branch  0 never executed
branch  1 never executed
        -: 1112:          {
    #####: 1113:            gainCard(state->hand[currentPlayer][choice1], state, 0, i);
call    0 never executed
        -: 1114:          }
        -: 1115:        }
        -: 1116:
        -: 1117:      //discard played card from hand
    #####: 1118:      discardCard(handPos, currentPlayer, state, 0);            
call    0 never executed
        -: 1119:
        -: 1120:      //trash copies of cards returned to supply
    #####: 1121:      for (j = 0; j < choice2; j++)
branch  0 never executed
branch  1 never executed
        -: 1122:          {
    #####: 1123:            for (i = 0; i < state->handCount[currentPlayer]; i++)
branch  0 never executed
branch  1 never executed
        -: 1124:            {
    #####: 1125:              if (state->hand[currentPlayer][i] == state->hand[currentPlayer][choice1])
branch  0 never executed
branch  1 never executed
        -: 1126:                {
    #####: 1127:                  discardCard(i, currentPlayer, state, 1);
call    0 never executed
    #####: 1128:                  break;
        -: 1129:                }
        -: 1130:            }
        -: 1131:          }         
        -: 1132:
    #####: 1133:      return 0;
        -: 1134:        
        -: 1135:    case cutpurse:
        -: 1136:
    #####: 1137:      updateCoins(currentPlayer, state, 2);
call    0 never executed
    #####: 1138:      for (i = 0; i < state->numPlayers; i++)
branch  0 never executed
branch  1 never executed
        -: 1139:        {
    #####: 1140:          if (i != currentPlayer)
branch  0 never executed
branch  1 never executed
        -: 1141:          {
    #####: 1142:            for (j = 0; j < state->handCount[i]; j++)
branch  0 never executed
branch  1 never executed
        -: 1143:              {
    #####: 1144:                if (state->hand[i][j] == copper)
branch  0 never executed
branch  1 never executed
        -: 1145:                {
    #####: 1146:                  discardCard(j, i, state, 0);
call    0 never executed
    #####: 1147:                  break;
        -: 1148:                }
    #####: 1149:                if (j == state->handCount[i])
branch  0 never executed
branch  1 never executed
        -: 1150:                {
    #####: 1151:                  for (k = 0; k < state->handCount[i]; k++)
branch  0 never executed
branch  1 never executed
        -: 1152:                    {
        -: 1153:                      if (DEBUG)
        -: 1154:                      printf("Player %d reveals card number %d\n", i, state->hand[i][k]);
        -: 1155:                    }   
    #####: 1156:                  break;
        -: 1157:                }       
        -: 1158:              }
        -: 1159:                    
        -: 1160:          }
        -: 1161:                
        -: 1162:        }               
        -: 1163:
        -: 1164:      //discard played card from hand
    #####: 1165:      discardCard(handPos, currentPlayer, state, 0);            
call    0 never executed
        -: 1166:
    #####: 1167:      return 0;
        -: 1168:
        -: 1169:        
        -: 1170:    case embargo: 
        -: 1171:      //+2 Coins
    #####: 1172:      state->coins = state->coins + 2;
        -: 1173:            
        -: 1174:      //see if selected pile is in play
    #####: 1175:      if ( state->supplyCount[choice1] == -1 )
branch  0 never executed
branch  1 never executed
        -: 1176:        {
    #####: 1177:            return -1;
        -: 1178:        }
        -: 1179:            
        -: 1180:      //add embargo token to selected supply pile
    #####: 1181:      state->embargoTokens[choice1]++;
        -: 1182:            
        -: 1183:      //trash card
    #####: 1184:      discardCard(handPos, currentPlayer, state, 1);        
call    0 never executed
    #####: 1185:      return 0;
        -: 1186:        
        -: 1187:    case outpost: ;
    #####: 1188:      int outpostReturn = outpostFunc(state, handPos, currentPlayer);
call    0 never executed
    #####: 1189:      return outpostReturn;
        -: 1190:      break;
        -: 1191:      
        -: 1192:      /*Original outpost code in case I need it again
        -: 1193:      //set outpost flag
        -: 1194:      state->outpostPlayed++;
        -: 1195:            
        -: 1196:      //discard card
        -: 1197:      discardCard(handPos, currentPlayer, state, 0);
        -: 1198:      return 0;
        -: 1199:          */
        -: 1200:        
        -: 1201:    case salvager:
        -: 1202:      //+1 buy
    #####: 1203:      state->numBuys++;
        -: 1204:            
    #####: 1205:      if (choice1)
branch  0 never executed
branch  1 never executed
        -: 1206:        {
        -: 1207:          //gain coins equal to trashed card
    #####: 1208:          state->coins = state->coins + getCost( handCard(choice1, state) );
call    0 never executed
call    1 never executed
        -: 1209:          //trash card
    #####: 1210:          discardCard(choice1, currentPlayer, state, 1);    
call    0 never executed
        -: 1211:        }
        -: 1212:            
        -: 1213:      //discard card
    #####: 1214:      discardCard(handPos, currentPlayer, state, 0);
call    0 never executed
    #####: 1215:      return 0;
        -: 1216:        
        -: 1217:    case sea_hag:
    #####: 1218:      for (i = 0; i < state->numPlayers; i++){
branch  0 never executed
branch  1 never executed
    #####: 1219:          if (i != currentPlayer){
branch  0 never executed
branch  1 never executed
    #####: 1220:            state->discard[i][state->discardCount[i]] = state->deck[i][state->deckCount[i]--];              state->deckCount[i]--;
    #####: 1221:            state->discardCount[i]++;
    #####: 1222:            state->deck[i][state->deckCount[i]--] = curse;//Top card now a curse
        -: 1223:          }
        -: 1224:      }
    #####: 1225:      return 0;
        -: 1226:        
        -: 1227:    case treasure_map:
        -: 1228:      //search hand for another treasure_map
    #####: 1229:      index = -1;
    #####: 1230:      for (i = 0; i < state->handCount[currentPlayer]; i++)
branch  0 never executed
branch  1 never executed
        -: 1231:        {
    #####: 1232:          if (state->hand[currentPlayer][i] == treasure_map && i != handPos)
branch  0 never executed
branch  1 never executed
branch  2 never executed
branch  3 never executed
        -: 1233:          {
    #####: 1234:            index = i;
    #####: 1235:            break;
        -: 1236:          }
        -: 1237:        }
    #####: 1238:      if (index > -1)
branch  0 never executed
branch  1 never executed
        -: 1239:        {
        -: 1240:          //trash both treasure cards
    #####: 1241:          discardCard(handPos, currentPlayer, state, 1);
call    0 never executed
    #####: 1242:          discardCard(index, currentPlayer, state, 1);
call    0 never executed
        -: 1243:
        -: 1244:          //gain 4 Gold cards
    #####: 1245:          for (i = 0; i < 4; i++)
branch  0 never executed
branch  1 never executed
        -: 1246:            {
    #####: 1247:            gainCard(gold, state, 1, currentPlayer);
call    0 never executed
        -: 1248:            }
        -: 1249:                
        -: 1250:          //return success
    #####: 1251:          return 1;
        -: 1252:        }
        -: 1253:            
        -: 1254:      //no second treasure_map found in hand
    #####: 1255:      return -1;
        -: 1256:    }
        -: 1257:    
    #####: 1258:  return -1;
        -: 1259:}
        -: 1260:
        -: 1261:/*I am putting the following refactored cardEffect functions in this location (prototypes in dominion_helper.h)!!!!
        -: 1262:I have also introduced the following bugs into the code, written after the colon
        -: 1263:-Smithy: Draw 4 cards instead of 3
        -: 1264:-Village: Draw 2 cards instead of 1, as in the case of an accidental extra copypaste of a function call that happens sometimes...
        -: 1265:-Minion: flip flopped choice 1 and choice 2 branches so their functions should be reversed of what they say they should do!
        -: 1266:-Adventurer: Removed "-1" after "cardDrawn = state->hand[currentPlayer][state->handcount[currentPlayer]-1]" and added "-2"
        -: 1267:so that the top card is no longer checked and instead the second to top card is checked for the next statement.
        -: 1268:!!!!The adventurer BUG that I introduced will cause a segmentation fault if the hand doesn't have 2 cards in it!!!
        -: 1269:-outpost: No bugs added as it was the fifth card I refactored
        -: 1270:Using this template to pass:
        -: 1271:int cardEffect(int card, int choice1, int choice2, int choice3, struct gameState *state, int handPos, int *bonus){
        -: 1272:*/
        -: 1273:
function smithyFunc called 0 returned 0% blocks executed 0%
    #####: 1274:int smithyFunc(struct gameState *state, int handPos, int currentPlayer){
        -: 1275:      int i;
        -: 1276:      //+3 Cards (originally went from i = 0; i < 3)
    #####: 1277:      for (i = 0; i < 4; i++)//changed to i<4 so now 4 cards will be drawn instead of 3 cards
branch  0 never executed
branch  1 never executed
        -: 1278:        {
    #####: 1279:          drawCard(currentPlayer, state);
call    0 never executed
        -: 1280:        }
        -: 1281:            
        -: 1282:      //discard card from hand
    #####: 1283:      discardCard(handPos, currentPlayer, state, 0);
call    0 never executed
    #####: 1284:      return 0;
        -: 1285:}
        -: 1286:
function villageFunc called 0 returned 0% blocks executed 0%
    #####: 1287:int villageFunc(struct gameState *state, int handPos, int *bonus, int currentPlayer){
        -: 1288:  
        -: 1289:      //+1 Card
    #####: 1290:      drawCard(currentPlayer, state);
call    0 never executed
    #####: 1291:      drawCard(currentPlayer, state); //BUG: extra drawCard, could happen if a dev uses copy paste twice on accident
call    0 never executed
        -: 1292:            
        -: 1293:      //+2 Actions
    #####: 1294:      state->numActions = state->numActions + 2;
        -: 1295:            
        -: 1296:      //discard played card from hand
    #####: 1297:      discardCard(handPos, currentPlayer, state, 0);
call    0 never executed
    #####: 1298:      return 0;
        -: 1299:}
        -: 1300:
function minionFunc called 0 returned 0% blocks executed 0%
    #####: 1301:int minionFunc(int choice1, int choice2, struct gameState *state, int handPos, int currentPlayer, int i, int j){
        -: 1302:      //+1 action
    #####: 1303:      state->numActions++;
        -: 1304:            
        -: 1305:      //discard card from hand
    #####: 1306:      discardCard(handPos, currentPlayer, state, 0);
call    0 never executed
        -: 1307:            
        -: 1308:            //BUG: Flip flopped choice1 with choice 2 here!!
    #####: 1309:      if (choice2)      //+2 coins
branch  0 never executed
branch  1 never executed
        -: 1310:        {
    #####: 1311:          state->coins = state->coins + 2;
        -: 1312:        }
        -: 1313:            
        -: 1314:            //BUG: Flip flopped choice2 with choice 1 here!!!
    #####: 1315:      else if (choice1)     //discard hand, redraw 4, other players with 5+ cards discard hand and draw 4
branch  0 never executed
branch  1 never executed
        -: 1316:          {
        -: 1317:            //discard hand
    #####: 1318:          while(numHandCards(state) > 0)
call    0 never executed
branch  1 never executed
branch  2 never executed
        -: 1319:            {
    #####: 1320:              discardCard(handPos, currentPlayer, state, 0);
call    0 never executed
        -: 1321:            }
        -: 1322:                
        -: 1323:          //draw 4
    #####: 1324:          for (i = 0; i < 4; i++)
branch  0 never executed
branch  1 never executed
        -: 1325:            {
    #####: 1326:              drawCard(currentPlayer, state);
call    0 never executed
        -: 1327:            }
        -: 1328:                
        -: 1329:          //other players discard hand and redraw if hand size > 4
    #####: 1330:          for (i = 0; i < state->numPlayers; i++)
branch  0 never executed
branch  1 never executed
        -: 1331:          {
    #####: 1332:            if (i != currentPlayer)
branch  0 never executed
branch  1 never executed
        -: 1333:              {
    #####: 1334:                if ( state->handCount[i] > 4 )
branch  0 never executed
branch  1 never executed
        -: 1335:                {
        -: 1336:                //discard hand
    #####: 1337:                  while( state->handCount[i] > 0 )
branch  0 never executed
branch  1 never executed
        -: 1338:                    {
    #####: 1339:                      discardCard(handPos, i, state, 0);
call    0 never executed
        -: 1340:                    }
        -: 1341:                            
        -: 1342:              //draw 4
    #####: 1343:                  for (j = 0; j < 4; j++)
branch  0 never executed
branch  1 never executed
        -: 1344:                    {
    #####: 1345:                      drawCard(i, state);
call    0 never executed
        -: 1346:                    }
        -: 1347:                }
        -: 1348:              }
        -: 1349:        }
        -: 1350:                
        -: 1351:       }
    #####: 1352:     return 0;
        -: 1353:}
        -: 1354:
function adventurerFunc called 0 returned 0% blocks executed 0%
    #####: 1355:int adventurerFunc(struct gameState *state, int z, int cardDrawn, int drawntreasure, int currentPlayer,int temphand[]){
        -: 1356:      
    #####: 1357:      while(drawntreasure<2){
branch  0 never executed
branch  1 never executed
    #####: 1358:          if (state->deckCount[currentPlayer] <1){//if the deck is empty we need to shuffle discard and add to deck
branch  0 never executed
branch  1 never executed
    #####: 1359:          shuffle(currentPlayer, state);
call    0 never executed
        -: 1360:        }
        -: 1361:          
    #####: 1362:        drawCard(currentPlayer, state);                            //BUG!!:changed -1 to -2 here. Should get second to top card
call    0 never executed
    #####: 1363:        cardDrawn = state->hand[currentPlayer][state->handCount[currentPlayer]-2];//top card of hand is most recently drawn card. (now second to top card)
        -: 1364:          
    #####: 1365:        if (cardDrawn == copper || cardDrawn == silver || cardDrawn == gold){
branch  0 never executed
branch  1 never executed
branch  2 never executed
branch  3 never executed
branch  4 never executed
branch  5 never executed
    #####: 1366:            drawntreasure++;
        -: 1367:        }
        -: 1368:        else{
    #####: 1369:          temphand[z]=cardDrawn;
    #####: 1370:          state->handCount[currentPlayer]--; //this should just remove the top card (the most recently drawn one).
    #####: 1371:          z++;
        -: 1372:        }
        -: 1373:          
        -: 1374:      }
    #####: 1375:      while(z-1>=0){
branch  0 never executed
branch  1 never executed
    #####: 1376:          state->discard[currentPlayer][state->discardCount[currentPlayer]++]=temphand[z-1]; // discard all cards in play that have been drawn
    #####: 1377:          z=z-1;
        -: 1378:      }
    #####: 1379:      return 0;
        -: 1380:  
        -: 1381:  
        -: 1382:}
        -: 1383:
function outpostFunc called 0 returned 0% blocks executed 0%
    #####: 1384:int outpostFunc(struct gameState *state, int handPos, int currentPlayer){
        -: 1385:        //set outpost flag
    #####: 1386:      state->outpostPlayed++;
        -: 1387:            
        -: 1388:      //discard card
    #####: 1389:      discardCard(handPos, currentPlayer, state, 0);
call    0 never executed
    #####: 1390:      return 0;
        -: 1391:  
        -: 1392:}
        -: 1393:
        -: 1394:
function discardCard called 1 returned 100% blocks executed 78%
        1: 1395:int discardCard(int handPos, int currentPlayer, struct gameState *state, int trashFlag){
        -: 1396:    
        -: 1397:  //if card is not trashed, added to Played pile 
        1: 1398:  if (trashFlag < 1)
branch  0 taken 1 (fallthrough)
branch  1 taken 0
        -: 1399:    {
        -: 1400:      //add card to played pile
        1: 1401:      state->playedCards[state->playedCardCount] = state->hand[currentPlayer][handPos]; 
        1: 1402:      state->playedCardCount++;
        -: 1403:    }
        -: 1404:    
        -: 1405:  //set played card to -1
        1: 1406:  state->hand[currentPlayer][handPos] = -1;
        -: 1407:    
        -: 1408:  //remove card from player's hand
        1: 1409:  if ( handPos == (state->handCount[currentPlayer] - 1) )   //last card in hand array is played
branch  0 taken 0 (fallthrough)
branch  1 taken 1
        -: 1410:    {
        -: 1411:      //reduce number of cards in hand
    #####: 1412:      state->handCount[currentPlayer]--;
        -: 1413:    }
        1: 1414:  else if ( state->handCount[currentPlayer] == 1 ) //only one card in hand
branch  0 taken 0 (fallthrough)
branch  1 taken 1
        -: 1415:    {
        -: 1416:      //reduce number of cards in hand
    #####: 1417:      state->handCount[currentPlayer]--;
        -: 1418:    }
        -: 1419:  else  
        -: 1420:    {
        -: 1421:      //replace discarded card with last card in hand
        1: 1422:      state->hand[currentPlayer][handPos] = state->hand[currentPlayer][ (state->handCount[currentPlayer] - 1)];
        -: 1423:      //set last card to -1
        1: 1424:      state->hand[currentPlayer][state->handCount[currentPlayer] - 1] = -1;
        -: 1425:      //reduce number of cards in hand
        1: 1426:      state->handCount[currentPlayer]--;
        -: 1427:    }
        -: 1428:    
        1: 1429:  return 0;
        -: 1430:}
        -: 1431:
function gainCard called 0 returned 0% blocks executed 0%
    #####: 1432:int gainCard(int supplyPos, struct gameState *state, int toFlag, int player){
        -: 1433:  //Note: supplyPos is enum of choosen card
        -: 1434:    
        -: 1435:  //check if supply pile is empty (0) or card is not used in game (-1)
    #####: 1436:  if ( supplyCount(supplyPos, state) < 1 )
call    0 never executed
branch  1 never executed
branch  2 never executed
        -: 1437:    {
    #####: 1438:      return -1;
        -: 1439:    }
        -: 1440:    
        -: 1441:  //added card for [whoseTurn] current player:
        -: 1442:  // toFlag = 0 : add to discard
        -: 1443:  // toFlag = 1 : add to deck
        -: 1444:  // toFlag = 2 : add to hand
        -: 1445:
    #####: 1446:  if (toFlag == 1)
branch  0 never executed
branch  1 never executed
        -: 1447:    {
    #####: 1448:      state->deck[ player ][ state->deckCount[player] ] = supplyPos;
    #####: 1449:      state->deckCount[player]++;
        -: 1450:    }
    #####: 1451:  else if (toFlag == 2)
branch  0 never executed
branch  1 never executed
        -: 1452:    {
    #####: 1453:      state->hand[ player ][ state->handCount[player] ] = supplyPos;
    #####: 1454:      state->handCount[player]++;
        -: 1455:    }
        -: 1456:  else
        -: 1457:    {
    #####: 1458:      state->discard[player][ state->discardCount[player] ] = supplyPos;
    #####: 1459:      state->discardCount[player]++;
        -: 1460:    }
        -: 1461:    
        -: 1462:  //decrease number in supply pile
    #####: 1463:  state->supplyCount[supplyPos]--;
        -: 1464:     
    #####: 1465:  return 0;
        -: 1466:}
        -: 1467:
function updateCoins called 1 returned 100% blocks executed 82%
        1: 1468:int updateCoins(int player, struct gameState *state, int bonus){
        -: 1469:  int i;
        -: 1470:    
        -: 1471:  //reset coin count
        1: 1472:  state->coins = 0;
        -: 1473:
        -: 1474:  //add coins for each Treasure card in player's hand
        6: 1475:  for (i = 0; i < state->handCount[player]; i++)
branch  0 taken 5
branch  1 taken 1 (fallthrough)
        -: 1476:    {
        5: 1477:      if (state->hand[player][i] == copper)
branch  0 taken 4 (fallthrough)
branch  1 taken 1
        -: 1478:    {
        4: 1479:      state->coins += 1;
        -: 1480:    }
        1: 1481:      else if (state->hand[player][i] == silver)
branch  0 taken 0 (fallthrough)
branch  1 taken 1
        -: 1482:    {
    #####: 1483:      state->coins += 2;
        -: 1484:    }
        1: 1485:      else if (state->hand[player][i] == gold)
branch  0 taken 0 (fallthrough)
branch  1 taken 1
        -: 1486:    {
    #####: 1487:      state->coins += 3;
        -: 1488:    }   
        -: 1489:    }   
        -: 1490:
        -: 1491:  //add bonus
        1: 1492:  state->coins += bonus;
        -: 1493:
        1: 1494:  return 0;
        -: 1495:}
        -: 1496:
        -: 1497:
        -: 1498://end of dominion.c
